Using pre-set license
Built from '2020.3/staging' branch; Version is '2020.3.9f1 (108be757e447) revision 1084391'; Using compiler version '192528614'; Build Type 'Release'
OS: 'Windows 10 Home; OS build 19043.1165; Version 2009; 64bit' Language: 'ja' Physical Memory: 8149 MB
BatchMode: 1, IsHumanControllingUs: 0, StartBugReporterOnCrash: 0, Is64bit: 1, IsPro: 0

 COMMAND LINE ARGUMENTS:
E:\2020.3.9f1\Editor\Unity.exe
-adb2
-batchMode
-noUpm
-name
AssetImportWorker0
-projectPath
E:/Users/taich/EscapeGames/EscapeGames
-logFile
Logs/AssetImportWorker0.log
-srvPort
59999
Successfully changed project path to: E:/Users/taich/EscapeGames/EscapeGames
E:/Users/taich/EscapeGames/EscapeGames
Using Asset Import Pipeline V2.
Refreshing native plugins compatible for Editor in 38.64 ms, found 1 plugins.
Preloading 0 native plugins for Editor in 0.00 ms.
Initialize engine version: 2020.3.9f1 (108be757e447)
[Subsystems] Discovering subsystems at path E:/2020.3.9f1/Editor/Data/Resources/UnitySubsystems
[Subsystems] Discovering subsystems at path E:/Users/taich/EscapeGames/EscapeGames/Assets
GfxDevice: creating device client; threaded=0
Direct3D:
    Version:  Direct3D 11.0 [level 11.1]
    Renderer: NVIDIA GeForce GTX 980 (ID=0x13c0)
    Vendor:   
    VRAM:     4053 MB
    Driver:   27.21.14.6647
Initialize mono
Mono path[0] = 'E:/2020.3.9f1/Editor/Data/Managed'
Mono path[1] = 'E:/2020.3.9f1/Editor/Data/MonoBleedingEdge/lib/mono/unityjit'
Mono config path = 'E:/2020.3.9f1/Editor/Data/MonoBleedingEdge/etc'
Using monoOptions --debugger-agent=transport=dt_socket,embedding=1,server=y,suspend=n,address=127.0.0.1:56416
Begin MonoManager ReloadAssembly
Registering precompiled unity dll's ...
Register platform support module: E:/2020.3.9f1/Editor/Data/PlaybackEngines/WebGLSupport/UnityEditor.WebGL.Extensions.dll
Register platform support module: E:/2020.3.9f1/Editor/Data/PlaybackEngines/WindowsStandaloneSupport/UnityEditor.WindowsStandalone.Extensions.dll
Registered in 0.001819 seconds.
Native extension for WindowsStandalone target not found
Native extension for WebGL target not found
Refreshing native plugins compatible for Editor in 34.56 ms, found 1 plugins.
Preloading 0 native plugins for Editor in 0.00 ms.
Mono: successfully reloaded assembly
- Completed reload, in  1.063 seconds
Platform modules already initialized, skipping
Registering precompiled user dll's ...
Registered in 0.000931 seconds.
Begin MonoManager ReloadAssembly
Native extension for WindowsStandalone target not found
Native extension for WebGL target not found
Refreshing native plugins compatible for Editor in 35.81 ms, found 1 plugins.
Preloading 0 native plugins for Editor in 0.00 ms.
Mono: successfully reloaded assembly
- Completed reload, in  0.907 seconds
Platform modules already initialized, skipping
========================================================================
Worker process is ready to serve import requests
Launched and connected shader compiler UnityShaderCompiler.exe after 0.10 seconds
Refreshing native plugins compatible for Editor in 0.32 ms, found 1 plugins.
Preloading 0 native plugins for Editor in 0.00 ms.
Unloading 1835 Unused Serialized files (Serialized files now loaded: 0)
System memory in use before: 88.2 MB.
System memory in use after: 88.2 MB.

Unloading 24 unused Assets to reduce memory usage. Loaded Objects now: 2278.
Total: 1.782500 ms (FindLiveObjects: 0.153400 ms CreateObjectMapping: 0.057800 ms MarkObjects: 1.424800 ms  DeleteObjects: 0.145700 ms)

========================================================================
Received Import Request.
  path: Assets/Images/RightSide.png
  artifactKey: Guid(e8a0d48571266c34d89212369a2ae07f) Importer(815301076,1909f56bfc062723c751e8b465ee728b)
Start importing Assets/Images/RightSide.png using Guid(e8a0d48571266c34d89212369a2ae07f) Importer(815301076,1909f56bfc062723c751e8b465ee728b)  -> (artifact id: 'b7ee0ba5e805ec18cd944cb784f82ad1') in 0.200167 seconds
  Import took 0.202746 seconds .

========================================================================
Received Import Request.
  Time since last request: 0.000328 seconds.
  path: Assets/Images/Shelf.png
  artifactKey: Guid(00ad6e15d8cae234cb5ac68e72614086) Importer(815301076,1909f56bfc062723c751e8b465ee728b)
Start importing Assets/Images/Shelf.png using Guid(00ad6e15d8cae234cb5ac68e72614086) Importer(815301076,1909f56bfc062723c751e8b465ee728b)  -> (artifact id: '3cdc304bdee2375c7bd4d4c3f0bcb077') in 0.009940 seconds
  Import took 0.013240 seconds .

========================================================================
Received Import Request.
  Time since last request: 0.000301 seconds.
  path: Assets/Images/ButtomSide.png
  artifactKey: Guid(78eb1d7a7e5142f43bb28a331c95cf33) Importer(815301076,1909f56bfc062723c751e8b465ee728b)
Start importing Assets/Images/ButtomSide.png using Guid(78eb1d7a7e5142f43bb28a331c95cf33) Importer(815301076,1909f56bfc062723c751e8b465ee728b)  -> (artifact id: 'be03d4fdd4ddc9ebfcc26768a276b63e') in 0.007402 seconds
  Import took 0.010501 seconds .

========================================================================
Received Import Request.
  Time since last request: 0.000292 seconds.
  path: Assets/Images/Water.png
  artifactKey: Guid(465870b33c8016143bffd0333a376a06) Importer(815301076,1909f56bfc062723c751e8b465ee728b)
Start importing Assets/Images/Water.png using Guid(465870b33c8016143bffd0333a376a06) Importer(815301076,1909f56bfc062723c751e8b465ee728b)  -> (artifact id: '934d7cd9d9dc9220f9a6dea5f73976ec') in 0.008121 seconds
  Import took 0.010910 seconds .

========================================================================
Received Import Request.
  Time since last request: 0.000428 seconds.
  path: Assets/Images/ProjectorScreen.png
  artifactKey: Guid(feaf4cac7218f2b4faf467e95733dc51) Importer(815301076,1909f56bfc062723c751e8b465ee728b)
Start importing Assets/Images/ProjectorScreen.png using Guid(feaf4cac7218f2b4faf467e95733dc51) Importer(815301076,1909f56bfc062723c751e8b465ee728b)  -> (artifact id: '57c5bd95b8d6c3ecc305d88f7e07972a') in 0.007134 seconds
  Import took 0.010083 seconds .

========================================================================
Received Import Request.
  Time since last request: 0.000308 seconds.
  path: Assets/Images/SlidingDoor.png
  artifactKey: Guid(8e00fc35221045548ba3a49d9cdfbd60) Importer(815301076,1909f56bfc062723c751e8b465ee728b)
Start importing Assets/Images/SlidingDoor.png using Guid(8e00fc35221045548ba3a49d9cdfbd60) Importer(815301076,1909f56bfc062723c751e8b465ee728b)  -> (artifact id: '4497eb2baa6b1550fe75d8468b0b7f3c') in 0.007069 seconds
  Import took 0.010225 seconds .

========================================================================
Received Import Request.
  Time since last request: 0.000298 seconds.
  path: Assets/Images/Door.png
  artifactKey: Guid(4a563b5b1aeb71d469b7f436b2005457) Importer(815301076,1909f56bfc062723c751e8b465ee728b)
Start importing Assets/Images/Door.png using Guid(4a563b5b1aeb71d469b7f436b2005457) Importer(815301076,1909f56bfc062723c751e8b465ee728b)  -> (artifact id: 'a8684c6163ef3976a4d16c3ffb5e207c') in 0.006602 seconds
  Import took 0.009427 seconds .

========================================================================
Received Import Request.
  Time since last request: 0.000355 seconds.
  path: Assets/Images/Printer.png
  artifactKey: Guid(729ba4ffd767ba240bd5fd24000878c2) Importer(815301076,1909f56bfc062723c751e8b465ee728b)
Start importing Assets/Images/Printer.png using Guid(729ba4ffd767ba240bd5fd24000878c2) Importer(815301076,1909f56bfc062723c751e8b465ee728b)  -> (artifact id: '386bc207822bf6a534df896bed6bd6dd') in 0.007101 seconds
  Import took 0.009951 seconds .

========================================================================
Received Import Request.
  Time since last request: 0.000244 seconds.
  path: Assets/Images/PC.png
  artifactKey: Guid(8ce4023b67ffd334bbb58d984648761f) Importer(815301076,1909f56bfc062723c751e8b465ee728b)
Start importing Assets/Images/PC.png using Guid(8ce4023b67ffd334bbb58d984648761f) Importer(815301076,1909f56bfc062723c751e8b465ee728b)  -> (artifact id: 'dd1f61bc79e294264c6ab222d037d96b') in 0.007159 seconds
  Import took 0.010518 seconds .

========================================================================
Received Import Request.
  Time since last request: 0.000302 seconds.
  path: Assets/Images/Drawer.png
  artifactKey: Guid(9df9aa2cff786ba44947aa31130fb3fb) Importer(815301076,1909f56bfc062723c751e8b465ee728b)
Start importing Assets/Images/Drawer.png using Guid(9df9aa2cff786ba44947aa31130fb3fb) Importer(815301076,1909f56bfc062723c751e8b465ee728b)  -> (artifact id: '4ec74df87c2ac94a7f0384f2f30ed8ac') in 0.007206 seconds
  Import took 0.010689 seconds .

========================================================================
Received Import Request.
  Time since last request: 0.000272 seconds.
  path: Assets/Images/Desk.png
  artifactKey: Guid(67a699b8f85b56549bf708a0cd39e3cd) Importer(815301076,1909f56bfc062723c751e8b465ee728b)
Start importing Assets/Images/Desk.png using Guid(67a699b8f85b56549bf708a0cd39e3cd) Importer(815301076,1909f56bfc062723c751e8b465ee728b)  -> (artifact id: '5ad75b14968dab81c2001291316a962e') in 0.007926 seconds
  Import took 0.011855 seconds .

========================================================================
Received Import Request.
  Time since last request: 0.000318 seconds.
  path: Assets/Images/LeftSide.png
  artifactKey: Guid(83fb30ef9343afc4284234df50d66902) Importer(815301076,1909f56bfc062723c751e8b465ee728b)
Start importing Assets/Images/LeftSide.png using Guid(83fb30ef9343afc4284234df50d66902) Importer(815301076,1909f56bfc062723c751e8b465ee728b)  -> (artifact id: '558fd58616aa46d0845a747e1f8ff1cb') in 0.006710 seconds
  Import took 0.010481 seconds .

========================================================================
Received Import Request.
  Time since last request: 0.000345 seconds.
  path: Assets/Images/WaterTrash.png
  artifactKey: Guid(db087b18de62dcd4581219fe93732d64) Importer(815301076,1909f56bfc062723c751e8b465ee728b)
Start importing Assets/Images/WaterTrash.png using Guid(db087b18de62dcd4581219fe93732d64) Importer(815301076,1909f56bfc062723c751e8b465ee728b)  -> (artifact id: 'fd13c2300756e831f021a2183117b696') in 0.007351 seconds
  Import took 0.010089 seconds .

========================================================================
Received Import Request.
  Time since last request: 0.000328 seconds.
  path: Assets/Images/LockBox.png
  artifactKey: Guid(d537a59525de8164f90325e3fc8d3c25) Importer(815301076,1909f56bfc062723c751e8b465ee728b)
Start importing Assets/Images/LockBox.png using Guid(d537a59525de8164f90325e3fc8d3c25) Importer(815301076,1909f56bfc062723c751e8b465ee728b)  -> (artifact id: '235c5b456f96783224fe661cced60f20') in 0.038037 seconds
  Import took 0.041111 seconds .

========================================================================
Received Import Request.
  Time since last request: 0.000236 seconds.
  path: Assets/Fonts/mplus-1p-heavy.ttf
  artifactKey: Guid(b30dc428ef91dae43825ea129746b6f0) Importer(815301076,1909f56bfc062723c751e8b465ee728b)
Start importing Assets/Fonts/mplus-1p-heavy.ttf using Guid(b30dc428ef91dae43825ea129746b6f0) Importer(815301076,1909f56bfc062723c751e8b465ee728b)  -> (artifact id: '17178f132af0e65656dc36745cfa86c9') in 0.286704 seconds
  Import took 0.289121 seconds .

========================================================================
Received Import Request.
  Time since last request: 0.000282 seconds.
  path: Assets/Images/Trash.png
  artifactKey: Guid(71e701e359f7c2a459425c695ee57cde) Importer(815301076,1909f56bfc062723c751e8b465ee728b)
Start importing Assets/Images/Trash.png using Guid(71e701e359f7c2a459425c695ee57cde) Importer(815301076,1909f56bfc062723c751e8b465ee728b)  -> (artifact id: 'd17f398725b10239df974d3d3b14d83b') in 0.007087 seconds
  Import took 0.009600 seconds .

========================================================================
Received Import Request.
  Time since last request: 0.000368 seconds.
  path: Assets/Images/KeyBox.png
  artifactKey: Guid(18d00a403d78470419aa508ca3e7479e) Importer(815301076,1909f56bfc062723c751e8b465ee728b)
Start importing Assets/Images/KeyBox.png using Guid(18d00a403d78470419aa508ca3e7479e) Importer(815301076,1909f56bfc062723c751e8b465ee728b)  -> (artifact id: 'bf9c659ee421a2c8251cd323e471ed40') in 0.007237 seconds
  Import took 0.010057 seconds .

========================================================================
Received Import Request.
  Time since last request: 0.000280 seconds.
  path: Assets/Images/Calendar.png
  artifactKey: Guid(8ad3b97d514f4a64085d77807ce81aa6) Importer(815301076,1909f56bfc062723c751e8b465ee728b)
Start importing Assets/Images/Calendar.png using Guid(8ad3b97d514f4a64085d77807ce81aa6) Importer(815301076,1909f56bfc062723c751e8b465ee728b)  -> (artifact id: '08de60c1d627806013e2f86f2c733c37') in 0.007056 seconds
  Import took 0.010646 seconds .

========================================================================
Received Import Request.
  Time since last request: 0.000273 seconds.
  path: Assets/Fonts/mplus-1m-bold.ttf
  artifactKey: Guid(2f918e1c12c318143b09e2e44711d67c) Importer(815301076,1909f56bfc062723c751e8b465ee728b)
Start importing Assets/Fonts/mplus-1m-bold.ttf using Guid(2f918e1c12c318143b09e2e44711d67c) Importer(815301076,1909f56bfc062723c751e8b465ee728b)  -> (artifact id: '99412823df484f24b2d72463ed02caf7') in 0.008693 seconds
  Import took 0.011684 seconds .

========================================================================
Received Import Request.
  Time since last request: 0.000295 seconds.
  path: Assets/Images/BookShelf.png
  artifactKey: Guid(c408117c9b741d34f9d2ab790de7790f) Importer(815301076,1909f56bfc062723c751e8b465ee728b)
Start importing Assets/Images/BookShelf.png using Guid(c408117c9b741d34f9d2ab790de7790f) Importer(815301076,1909f56bfc062723c751e8b465ee728b)  -> (artifact id: 'c36d9803325a91d82472d783c881b32e') in 0.006987 seconds
  Import took 0.010162 seconds .

========================================================================
Received Prepare
Refreshing native plugins compatible for Editor in 1.44 ms, found 1 plugins.
Preloading 0 native plugins for Editor in 0.00 ms.
Unloading 10 Unused Serialized files (Serialized files now loaded: 0)
System memory in use before: 55.8 MB.
System memory in use after: 55.8 MB.

Unloading 10 unused Assets to reduce memory usage. Loaded Objects now: 2326.
Total: 2.201600 ms (FindLiveObjects: 0.166500 ms CreateObjectMapping: 0.062700 ms MarkObjects: 1.858000 ms  DeleteObjects: 0.113600 ms)

AssetImportWorkerClient::OnTransportError - code=2 error=End of file
